2010/05/05 23:00:45 [error] [php] Undefined variable: time (/Webroot/demo/protected/views/message/helloWorld.php:7)
Stack trace:
#0 /Users/jeff/codebase/yii-1.1.2/framework/web/CController.php(748): MessageController->renderFile()
#1 /Users/jeff/codebase/yii-1.1.2/framework/web/CController.php(687): MessageController->renderPartial()
#2 /Webroot/demo/protected/controllers/MessageController.php(10): MessageController->render()
#3 /Users/jeff/codebase/yii-1.1.2/framework/web/actions/CInlineAction.php(32): MessageController->actionHelloWorld()
#4 /Users/jeff/codebase/yii-1.1.2/framework/web/CController.php(300): CInlineAction->run()
#5 /Users/jeff/codebase/yii-1.1.2/framework/web/CController.php(278): MessageController->runAction()
#6 /Users/jeff/codebase/yii-1.1.2/framework/web/CController.php(257): MessageController->runActionWithFilters()
#7 /Users/jeff/codebase/yii-1.1.2/framework/web/CWebApplication.php(320): MessageController->run()
#8 /Users/jeff/codebase/yii-1.1.2/framework/web/CWebApplication.php(120): CWebApplication->runController()
#9 /Users/jeff/codebase/yii-1.1.2/framework/base/CApplication.php(135): CWebApplication->processRequest()
#10 /Webroot/demo/index.php(12): CWebApplication->run()
REQUEST_URI=/demo/index.php?r=message/helloworld
in /Webroot/demo/protected/views/message/helloWorld.php (7)
in /Webroot/demo/protected/controllers/MessageController.php (10)
in /Webroot/demo/index.php (12)
2010/05/05 23:01:27 [error] [php] Undefined variable: time (/Webroot/demo/protected/views/message/helloWorld.php:7)
Stack trace:
#0 /Users/jeff/codebase/yii-1.1.2/framework/web/CController.php(748): MessageController->renderFile()
#1 /Users/jeff/codebase/yii-1.1.2/framework/web/CController.php(687): MessageController->renderPartial()
#2 /Webroot/demo/protected/controllers/MessageController.php(10): MessageController->render()
#3 /Users/jeff/codebase/yii-1.1.2/framework/web/actions/CInlineAction.php(32): MessageController->actionHelloWorld()
#4 /Users/jeff/codebase/yii-1.1.2/framework/web/CController.php(300): CInlineAction->run()
#5 /Users/jeff/codebase/yii-1.1.2/framework/web/CController.php(278): MessageController->runAction()
#6 /Users/jeff/codebase/yii-1.1.2/framework/web/CController.php(257): MessageController->runActionWithFilters()
#7 /Users/jeff/codebase/yii-1.1.2/framework/web/CWebApplication.php(320): MessageController->run()
#8 /Users/jeff/codebase/yii-1.1.2/framework/web/CWebApplication.php(120): CWebApplication->runController()
#9 /Users/jeff/codebase/yii-1.1.2/framework/base/CApplication.php(135): CWebApplication->processRequest()
#10 /Webroot/demo/index.php(12): CWebApplication->run()
REQUEST_URI=/demo/index.php?r=message/helloworld
in /Webroot/demo/protected/views/message/helloWorld.php (7)
in /Webroot/demo/protected/controllers/MessageController.php (10)
in /Webroot/demo/index.php (12)
